sample.interval=20000
"ls" ".S3methods" "methods" "doTryCatch" "tryCatchOne" "tryCatchList" "doTryCatch" "tryCatchOne" "tryCatchList" "tryCatch" "utils:::functionArgs" "gsub" "doTryCatch" "tryCatchOne" "tryCatchList" "tryCatch" ".ess_funargs" 
"ls" "match" "%in%" "find" "getAnywhere" "<Anonymous>" "do.call" "FUN" "lapply" "unlist" "unique" "utils:::functionArgs" "gsub" "doTryCatch" "tryCatchOne" "tryCatchList" "tryCatch" ".ess_funargs" 
"FUN" "lapply" ".S3methods" "methods" "doTryCatch" "tryCatchOne" "tryCatchList" "doTryCatch" "tryCatchOne" "tryCatchList" "tryCatch" "utils:::functionArgs" "gsub" "doTryCatch" "tryCatchOne" "tryCatchList" "tryCatch" ".ess_funargs" 
"serialize" "sendData.SOCK0node" "sendData" "postNode" "sendCall" "clusterCall" "clusterExport" 
"serialize" "sendData.SOCK0node" "sendData" "postNode" "sendCall" "clusterCall" "clusterExport" 
"unserialize" "recvData.SOCK0node" "recvData" "FUN" "lapply" "staticClusterApply" "clusterApply" "do.call" "parLapply" 
"unserialize" "recvData.SOCK0node" "recvData" "FUN" "lapply" "staticClusterApply" "clusterApply" "do.call" "parLapply" 
"unserialize" "recvData.SOCK0node" "recvData" "FUN" "lapply" "staticClusterApply" "clusterApply" "do.call" "parLapply" 
"unserialize" "recvData.SOCK0node" "recvData" "FUN" "lapply" "staticClusterApply" "clusterApply" "do.call" "parLapply" 
"unserialize" "recvData.SOCK0node" "recvData" "FUN" "lapply" "staticClusterApply" "clusterApply" "do.call" "parLapply" 
"unserialize" "recvData.SOCK0node" "recvData" "FUN" "lapply" "staticClusterApply" "clusterApply" "do.call" "parLapply" 
"unserialize" "recvData.SOCK0node" "recvData" "FUN" "lapply" "staticClusterApply" "clusterApply" "do.call" "parLapply" 
"unserialize" "recvData.SOCK0node" "recvData" "FUN" "lapply" "staticClusterApply" "clusterApply" "do.call" "parLapply" 
"unserialize" "recvData.SOCK0node" "recvData" "FUN" "lapply" "staticClusterApply" "clusterApply" "do.call" "parLapply" 
"unserialize" "recvData.SOCK0node" "recvData" "FUN" "lapply" "staticClusterApply" "clusterApply" "do.call" "parLapply" 
"unserialize" "recvData.SOCK0node" "recvData" "FUN" "lapply" "staticClusterApply" "clusterApply" "do.call" "parLapply" 
"unserialize" "recvData.SOCK0node" "recvData" "FUN" "lapply" "staticClusterApply" "clusterApply" "do.call" "parLapply" 
"unserialize" "recvData.SOCK0node" "recvData" "FUN" "lapply" "staticClusterApply" "clusterApply" "do.call" "parLapply" 
"unserialize" "recvData.SOCK0node" "recvData" "FUN" "lapply" "staticClusterApply" "clusterApply" "do.call" "parLapply" 
"unserialize" "recvData.SOCK0node" "recvData" "FUN" "lapply" "staticClusterApply" "clusterApply" "do.call" "parLapply" 
"unserialize" "recvData.SOCK0node" "recvData" "FUN" "lapply" "staticClusterApply" "clusterApply" "do.call" "parLapply" 
"unserialize" "recvData.SOCK0node" "recvData" "FUN" "lapply" "staticClusterApply" "clusterApply" "do.call" "parLapply" 
"unserialize" "recvData.SOCK0node" "recvData" "FUN" "lapply" "staticClusterApply" "clusterApply" "do.call" "parLapply" 
"unserialize" "recvData.SOCK0node" "recvData" "FUN" "lapply" "staticClusterApply" "clusterApply" "do.call" "parLapply" 
"unserialize" "recvData.SOCK0node" "recvData" "FUN" "lapply" "staticClusterApply" "clusterApply" "do.call" "parLapply" 
"unserialize" "recvData.SOCK0node" "recvData" "FUN" "lapply" "staticClusterApply" "clusterApply" "do.call" "parLapply" 
"unserialize" "recvData.SOCK0node" "recvData" "FUN" "lapply" "staticClusterApply" "clusterApply" "do.call" "parLapply" 
"unserialize" "recvData.SOCK0node" "recvData" "FUN" "lapply" "staticClusterApply" "clusterApply" "do.call" "parLapply" 
"unserialize" "recvData.SOCK0node" "recvData" "FUN" "lapply" "staticClusterApply" "clusterApply" "do.call" "parLapply" 
"unserialize" "recvData.SOCK0node" "recvData" "FUN" "lapply" "staticClusterApply" "clusterApply" "do.call" "parLapply" 
"unserialize" "recvData.SOCK0node" "recvData" "FUN" "lapply" "staticClusterApply" "clusterApply" "do.call" "parLapply" 
"unserialize" "recvData.SOCK0node" "recvData" "FUN" "lapply" "staticClusterApply" "clusterApply" "do.call" "parLapply" 
"unserialize" "recvData.SOCK0node" "recvData" "FUN" "lapply" "staticClusterApply" "clusterApply" "do.call" "parLapply" 
"unserialize" "recvData.SOCK0node" "recvData" "FUN" "lapply" "staticClusterApply" "clusterApply" "do.call" "parLapply" 
"unserialize" "recvData.SOCK0node" "recvData" "FUN" "lapply" "staticClusterApply" "clusterApply" "do.call" "parLapply" 
"unserialize" "recvData.SOCK0node" "recvData" "FUN" "lapply" "staticClusterApply" "clusterApply" "do.call" "parLapply" 
"unserialize" "recvData.SOCK0node" "recvData" "FUN" "lapply" "staticClusterApply" "clusterApply" "do.call" "parLapply" 
"unserialize" "recvData.SOCK0node" "recvData" "FUN" "lapply" "staticClusterApply" "clusterApply" "do.call" "parLapply" 
"unserialize" "recvData.SOCK0node" "recvData" "FUN" "lapply" "staticClusterApply" "clusterApply" "do.call" "parLapply" 
"unserialize" "recvData.SOCK0node" "recvData" "FUN" "lapply" "staticClusterApply" "clusterApply" "do.call" "parLapply" 
"unserialize" "recvData.SOCK0node" "recvData" "FUN" "lapply" "staticClusterApply" "clusterApply" "do.call" "parLapply" 
"unserialize" "recvData.SOCK0node" "recvData" "FUN" "lapply" "staticClusterApply" "clusterApply" "do.call" "parLapply" 
"unserialize" "recvData.SOCK0node" "recvData" "FUN" "lapply" "staticClusterApply" "clusterApply" "do.call" "parLapply" 
"unserialize" "recvData.SOCK0node" "recvData" "FUN" "lapply" "staticClusterApply" "clusterApply" "do.call" "parLapply" 
"unserialize" "recvData.SOCK0node" "recvData" "FUN" "lapply" "staticClusterApply" "clusterApply" "do.call" "parLapply" 
"unserialize" "recvData.SOCK0node" "recvData" "FUN" "lapply" "staticClusterApply" "clusterApply" "do.call" "parLapply" 
"unserialize" "recvData.SOCK0node" "recvData" "FUN" "lapply" "staticClusterApply" "clusterApply" "do.call" "parLapply" 
"unserialize" "recvData.SOCK0node" "recvData" "FUN" "lapply" "staticClusterApply" "clusterApply" "do.call" "parLapply" 
"unserialize" "recvData.SOCK0node" "recvData" "FUN" "lapply" "staticClusterApply" "clusterApply" "do.call" "parLapply" 
"unserialize" "recvData.SOCK0node" "recvData" "FUN" "lapply" "staticClusterApply" "clusterApply" "do.call" "parLapply" 
"unserialize" "recvData.SOCK0node" "recvData" "FUN" "lapply" "staticClusterApply" "clusterApply" "do.call" "parLapply" 
"unserialize" "recvData.SOCK0node" "recvData" "FUN" "lapply" "staticClusterApply" "clusterApply" "do.call" "parLapply" 
"unserialize" "recvData.SOCK0node" "recvData" "FUN" "lapply" "staticClusterApply" "clusterApply" "do.call" "parLapply" 
"unserialize" "recvData.SOCK0node" "recvData" "FUN" "lapply" "staticClusterApply" "clusterApply" "do.call" "parLapply" 
"unserialize" "recvData.SOCK0node" "recvData" "FUN" "lapply" "staticClusterApply" "clusterApply" "do.call" "parLapply" 
"unserialize" "recvData.SOCK0node" "recvData" "FUN" "lapply" "staticClusterApply" "clusterApply" "do.call" "parLapply" 
"unserialize" "recvData.SOCK0node" "recvData" "FUN" "lapply" "staticClusterApply" "clusterApply" "do.call" "parLapply" 
"unserialize" "recvData.SOCK0node" "recvData" "FUN" "lapply" "staticClusterApply" "clusterApply" "do.call" "parLapply" 
"unserialize" "recvData.SOCK0node" "recvData" "FUN" "lapply" "staticClusterApply" "clusterApply" "do.call" "parLapply" 
"unserialize" "recvData.SOCK0node" "recvData" "FUN" "lapply" "staticClusterApply" "clusterApply" "do.call" "parLapply" 
"unserialize" "recvData.SOCK0node" "recvData" "FUN" "lapply" "staticClusterApply" "clusterApply" "do.call" "parLapply" 
"unserialize" "recvData.SOCK0node" "recvData" "FUN" "lapply" "staticClusterApply" "clusterApply" "do.call" "parLapply" 
"unserialize" "recvData.SOCK0node" "recvData" "FUN" "lapply" "staticClusterApply" "clusterApply" "do.call" "parLapply" 
"unserialize" "recvData.SOCK0node" "recvData" "FUN" "lapply" "staticClusterApply" "clusterApply" "do.call" "parLapply" 
"unserialize" "recvData.SOCK0node" "recvData" "FUN" "lapply" "staticClusterApply" "clusterApply" "do.call" "parLapply" 
"unserialize" "recvData.SOCK0node" "recvData" "FUN" "lapply" "staticClusterApply" "clusterApply" "do.call" "parLapply" 
"unserialize" "recvData.SOCK0node" "recvData" "FUN" "lapply" "staticClusterApply" "clusterApply" "do.call" "parLapply" 
"unserialize" "recvData.SOCK0node" "recvData" "FUN" "lapply" "staticClusterApply" "clusterApply" "do.call" "parLapply" 
"unserialize" "recvData.SOCK0node" "recvData" "FUN" "lapply" "staticClusterApply" "clusterApply" "do.call" "parLapply" 
"unserialize" "recvData.SOCK0node" "recvData" "FUN" "lapply" "staticClusterApply" "clusterApply" "do.call" "parLapply" 
"unserialize" "recvData.SOCK0node" "recvData" "FUN" "lapply" "staticClusterApply" "clusterApply" "do.call" "parLapply" 
"unserialize" "recvData.SOCK0node" "recvData" "FUN" "lapply" "staticClusterApply" "clusterApply" "do.call" "parLapply" 
"unserialize" "recvData.SOCK0node" "recvData" "FUN" "lapply" "staticClusterApply" "clusterApply" "do.call" "parLapply" 
"unserialize" "recvData.SOCK0node" "recvData" "FUN" "lapply" "staticClusterApply" "clusterApply" "do.call" "parLapply" 
"unserialize" "recvData.SOCK0node" "recvData" "FUN" "lapply" "staticClusterApply" "clusterApply" "do.call" "parLapply" 
"unserialize" "recvData.SOCK0node" "recvData" "FUN" "lapply" "staticClusterApply" "clusterApply" "do.call" "parLapply" 
"unserialize" "recvData.SOCK0node" "recvData" "FUN" "lapply" "staticClusterApply" "clusterApply" "do.call" "parLapply" 
"unserialize" "recvData.SOCK0node" "recvData" "FUN" "lapply" "staticClusterApply" "clusterApply" "do.call" "parLapply" 
"unserialize" "recvData.SOCK0node" "recvData" "FUN" "lapply" "staticClusterApply" "clusterApply" "do.call" "parLapply" 
"unserialize" "recvData.SOCK0node" "recvData" "FUN" "lapply" "staticClusterApply" "clusterApply" "do.call" "parLapply" 
"unserialize" "recvData.SOCK0node" "recvData" "FUN" "lapply" "staticClusterApply" "clusterApply" "do.call" "parLapply" 
"unserialize" "recvData.SOCK0node" "recvData" "FUN" "lapply" "staticClusterApply" "clusterApply" "do.call" "parLapply" 
"unserialize" "recvData.SOCK0node" "recvData" "FUN" "lapply" "staticClusterApply" "clusterApply" "do.call" "parLapply" 
"unserialize" "recvData.SOCK0node" "recvData" "FUN" "lapply" "staticClusterApply" "clusterApply" "do.call" "parLapply" 
"unserialize" "recvData.SOCK0node" "recvData" "FUN" "lapply" "staticClusterApply" "clusterApply" "do.call" "parLapply" 
"unserialize" "recvData.SOCK0node" "recvData" "FUN" "lapply" "staticClusterApply" "clusterApply" "do.call" "parLapply" 
"unserialize" "recvData.SOCK0node" "recvData" "FUN" "lapply" "staticClusterApply" "clusterApply" "do.call" "parLapply" 
"unserialize" "recvData.SOCK0node" "recvData" "FUN" "lapply" "staticClusterApply" "clusterApply" "do.call" "parLapply" 
"unserialize" "recvData.SOCK0node" "recvData" "FUN" "lapply" "staticClusterApply" "clusterApply" "do.call" "parLapply" 
"unserialize" "recvData.SOCK0node" "recvData" "FUN" "lapply" "staticClusterApply" "clusterApply" "do.call" "parLapply" 
"unserialize" "recvData.SOCK0node" "recvData" "FUN" "lapply" "staticClusterApply" "clusterApply" "do.call" "parLapply" 
"unserialize" "recvData.SOCK0node" "recvData" "FUN" "lapply" "staticClusterApply" "clusterApply" "do.call" "parLapply" 
"unserialize" "recvData.SOCK0node" "recvData" "FUN" "lapply" "staticClusterApply" "clusterApply" "do.call" "parLapply" 
"unserialize" "recvData.SOCK0node" "recvData" "FUN" "lapply" "staticClusterApply" "clusterApply" "do.call" "parLapply" 
"unserialize" "recvData.SOCK0node" "recvData" "FUN" "lapply" "staticClusterApply" "clusterApply" "do.call" "parLapply" 
"unserialize" "recvData.SOCK0node" "recvData" "FUN" "lapply" "staticClusterApply" "clusterApply" "do.call" "parLapply" 
"unserialize" "recvData.SOCK0node" "recvData" "FUN" "lapply" "staticClusterApply" "clusterApply" "do.call" "parLapply" 
"unserialize" "recvData.SOCK0node" "recvData" "FUN" "lapply" "staticClusterApply" "clusterApply" "do.call" "parLapply" 
"unserialize" "recvData.SOCK0node" "recvData" "FUN" "lapply" "staticClusterApply" "clusterApply" "do.call" "parLapply" 
"unserialize" "recvData.SOCK0node" "recvData" "FUN" "lapply" "staticClusterApply" "clusterApply" "do.call" "parLapply" 
"unserialize" "recvData.SOCK0node" "recvData" "FUN" "lapply" "staticClusterApply" "clusterApply" "do.call" "parLapply" 
"unserialize" "recvData.SOCK0node" "recvData" "FUN" "lapply" "staticClusterApply" "clusterApply" "do.call" "parLapply" 
"unserialize" "recvData.SOCK0node" "recvData" "FUN" "lapply" "staticClusterApply" "clusterApply" "do.call" "parLapply" 
"unserialize" "recvData.SOCK0node" "recvData" "FUN" "lapply" "staticClusterApply" "clusterApply" "do.call" "parLapply" 
"unserialize" "recvData.SOCK0node" "recvData" "FUN" "lapply" "staticClusterApply" "clusterApply" "do.call" "parLapply" 
"unserialize" "recvData.SOCK0node" "recvData" "FUN" "lapply" "staticClusterApply" "clusterApply" "do.call" "parLapply" 
"unserialize" "recvData.SOCK0node" "recvData" "FUN" "lapply" "staticClusterApply" "clusterApply" "do.call" "parLapply" 
"unserialize" "recvData.SOCK0node" "recvData" "FUN" "lapply" "staticClusterApply" "clusterApply" "do.call" "parLapply" 
"unserialize" "recvData.SOCK0node" "recvData" "FUN" "lapply" "staticClusterApply" "clusterApply" "do.call" "parLapply" 
"unserialize" "recvData.SOCK0node" "recvData" "FUN" "lapply" "staticClusterApply" "clusterApply" "do.call" "parLapply" 
"unserialize" "recvData.SOCK0node" "recvData" "FUN" "lapply" "staticClusterApply" "clusterApply" "do.call" "parLapply" 
"unserialize" "recvData.SOCK0node" "recvData" "FUN" "lapply" "staticClusterApply" "clusterApply" "do.call" "parLapply" 
"unserialize" "recvData.SOCK0node" "recvData" "FUN" "lapply" "staticClusterApply" "clusterApply" "do.call" "parLapply" 
"unserialize" "recvData.SOCK0node" "recvData" "FUN" "lapply" "staticClusterApply" "clusterApply" "do.call" "parLapply" 
"unserialize" "recvData.SOCK0node" "recvData" "FUN" "lapply" "staticClusterApply" "clusterApply" "do.call" "parLapply" 
"unserialize" "recvData.SOCK0node" "recvData" "FUN" "lapply" "staticClusterApply" "clusterApply" "do.call" "parLapply" 
"unserialize" "recvData.SOCK0node" "recvData" "FUN" "lapply" "staticClusterApply" "clusterApply" "do.call" "parLapply" 
"unserialize" "recvData.SOCK0node" "recvData" "FUN" "lapply" "staticClusterApply" "clusterApply" "do.call" "parLapply" 
"unserialize" "recvData.SOCK0node" "recvData" "FUN" "lapply" "staticClusterApply" "clusterApply" "do.call" "parLapply" 
"unserialize" "recvData.SOCK0node" "recvData" "FUN" "lapply" "staticClusterApply" "clusterApply" "do.call" "parLapply" 
"unserialize" "recvData.SOCK0node" "recvData" "FUN" "lapply" "staticClusterApply" "clusterApply" "do.call" "parLapply" 
"unserialize" "recvData.SOCK0node" "recvData" "FUN" "lapply" "staticClusterApply" "clusterApply" "do.call" "parLapply" 
"unserialize" "recvData.SOCK0node" "recvData" "FUN" "lapply" "staticClusterApply" "clusterApply" "do.call" "parLapply" 
"unserialize" "recvData.SOCK0node" "recvData" "FUN" "lapply" "staticClusterApply" "clusterApply" "do.call" "parLapply" 
"unserialize" "recvData.SOCK0node" "recvData" "FUN" "lapply" "staticClusterApply" "clusterApply" "do.call" "parLapply" 
"unserialize" "recvData.SOCK0node" "recvData" "FUN" "lapply" "staticClusterApply" "clusterApply" "do.call" "parLapply" 
"unserialize" "recvData.SOCK0node" "recvData" "FUN" "lapply" "staticClusterApply" "clusterApply" "do.call" "parLapply" 
"unserialize" "recvData.SOCK0node" "recvData" "FUN" "lapply" "staticClusterApply" "clusterApply" "do.call" "parLapply" 
"unserialize" "recvData.SOCK0node" "recvData" "FUN" "lapply" "staticClusterApply" "clusterApply" "do.call" "parLapply" 
"unserialize" "recvData.SOCK0node" "recvData" "FUN" "lapply" "staticClusterApply" "clusterApply" "do.call" "parLapply" 
"unserialize" "recvData.SOCK0node" "recvData" "FUN" "lapply" "staticClusterApply" "clusterApply" "do.call" "parLapply" 
"unserialize" "recvData.SOCK0node" "recvData" "FUN" "lapply" "staticClusterApply" "clusterApply" "do.call" "parLapply" 
"unserialize" "recvData.SOCK0node" "recvData" "FUN" "lapply" "staticClusterApply" "clusterApply" "do.call" "parLapply" 
"unserialize" "recvData.SOCK0node" "recvData" "FUN" "lapply" "staticClusterApply" "clusterApply" "do.call" "parLapply" 
"unserialize" "recvData.SOCK0node" "recvData" "FUN" "lapply" "staticClusterApply" "clusterApply" "do.call" "parLapply" 
"unserialize" "recvData.SOCK0node" "recvData" "FUN" "lapply" "staticClusterApply" "clusterApply" "do.call" "parLapply" 
"unserialize" "recvData.SOCK0node" "recvData" "FUN" "lapply" "staticClusterApply" "clusterApply" "do.call" "parLapply" 
"unserialize" "recvData.SOCK0node" "recvData" "FUN" "lapply" "staticClusterApply" "clusterApply" "do.call" "parLapply" 
"unserialize" "recvData.SOCK0node" "recvData" "FUN" "lapply" "staticClusterApply" "clusterApply" "do.call" "parLapply" 
"unserialize" "recvData.SOCK0node" "recvData" "FUN" "lapply" "staticClusterApply" "clusterApply" "do.call" "parLapply" 
"unserialize" "recvData.SOCK0node" "recvData" "FUN" "lapply" "staticClusterApply" "clusterApply" "do.call" "parLapply" 
"unserialize" "recvData.SOCK0node" "recvData" "FUN" "lapply" "staticClusterApply" "clusterApply" "do.call" "parLapply" 
"unserialize" "recvData.SOCK0node" "recvData" "FUN" "lapply" "staticClusterApply" "clusterApply" "do.call" "parLapply" 
"unserialize" "recvData.SOCK0node" "recvData" "FUN" "lapply" "staticClusterApply" "clusterApply" "do.call" "parLapply" 
"unserialize" "recvData.SOCK0node" "recvData" "FUN" "lapply" "staticClusterApply" "clusterApply" "do.call" "parLapply" 
"unserialize" "recvData.SOCK0node" "recvData" "FUN" "lapply" "staticClusterApply" "clusterApply" "do.call" "parLapply" 
"unserialize" "recvData.SOCK0node" "recvData" "FUN" "lapply" "staticClusterApply" "clusterApply" "do.call" "parLapply" 
"unserialize" "recvData.SOCK0node" "recvData" "FUN" "lapply" "staticClusterApply" "clusterApply" "do.call" "parLapply" 
"unserialize" "recvData.SOCK0node" "recvData" "FUN" "lapply" "staticClusterApply" "clusterApply" "do.call" "parLapply" 
"unserialize" "recvData.SOCK0node" "recvData" "FUN" "lapply" "staticClusterApply" "clusterApply" "do.call" "parLapply" 
"unserialize" "recvData.SOCK0node" "recvData" "FUN" "lapply" "staticClusterApply" "clusterApply" "do.call" "parLapply" 
"unserialize" "recvData.SOCK0node" "recvData" "FUN" "lapply" "staticClusterApply" "clusterApply" "do.call" "parLapply" 
"unserialize" "recvData.SOCK0node" "recvData" "FUN" "lapply" "staticClusterApply" "clusterApply" "do.call" "parLapply" 
"unserialize" "recvData.SOCK0node" "recvData" "FUN" "lapply" "staticClusterApply" "clusterApply" "do.call" "parLapply" 
"unserialize" "recvData.SOCK0node" "recvData" "FUN" "lapply" "staticClusterApply" "clusterApply" "do.call" "parLapply" 
"unserialize" "recvData.SOCK0node" "recvData" "FUN" "lapply" "staticClusterApply" "clusterApply" "do.call" "parLapply" 
"unserialize" "recvData.SOCK0node" "recvData" "FUN" "lapply" "staticClusterApply" "clusterApply" "do.call" "parLapply" 
"unserialize" "recvData.SOCK0node" "recvData" "FUN" "lapply" "staticClusterApply" "clusterApply" "do.call" "parLapply" 
"unserialize" "recvData.SOCK0node" "recvData" "FUN" "lapply" "staticClusterApply" "clusterApply" "do.call" "parLapply" 
"unserialize" "recvData.SOCK0node" "recvData" "FUN" "lapply" "staticClusterApply" "clusterApply" "do.call" "parLapply" 
"unserialize" "recvData.SOCK0node" "recvData" "FUN" "lapply" "staticClusterApply" "clusterApply" "do.call" "parLapply" 
"unserialize" "recvData.SOCK0node" "recvData" "FUN" "lapply" "staticClusterApply" "clusterApply" "do.call" "parLapply" 
"unserialize" "recvData.SOCK0node" "recvData" "FUN" "lapply" "staticClusterApply" "clusterApply" "do.call" "parLapply" 
"unserialize" "recvData.SOCK0node" "recvData" "FUN" "lapply" "staticClusterApply" "clusterApply" "do.call" "parLapply" 
"unserialize" "recvData.SOCK0node" "recvData" "FUN" "lapply" "staticClusterApply" "clusterApply" "do.call" "parLapply" 
"unserialize" "recvData.SOCK0node" "recvData" "FUN" "lapply" "staticClusterApply" "clusterApply" "do.call" "parLapply" 
"unserialize" "recvData.SOCK0node" "recvData" "FUN" "lapply" "staticClusterApply" "clusterApply" "do.call" "parLapply" 
"unserialize" "recvData.SOCK0node" "recvData" "FUN" "lapply" "staticClusterApply" "clusterApply" "do.call" "parLapply" 
"unserialize" "recvData.SOCK0node" "recvData" "FUN" "lapply" "staticClusterApply" "clusterApply" "do.call" "parLapply" 
"unserialize" "recvData.SOCK0node" "recvData" "FUN" "lapply" "staticClusterApply" "clusterApply" "do.call" "parLapply" 
"unserialize" "recvData.SOCK0node" "recvData" "FUN" "lapply" "staticClusterApply" "clusterApply" "do.call" "parLapply" 
"unserialize" "recvData.SOCK0node" "recvData" "FUN" "lapply" "staticClusterApply" "clusterApply" "do.call" "parLapply" 
"unserialize" "recvData.SOCK0node" "recvData" "FUN" "lapply" "staticClusterApply" "clusterApply" "do.call" "parLapply" 
"unserialize" "recvData.SOCK0node" "recvData" "FUN" "lapply" "staticClusterApply" "clusterApply" "do.call" "parLapply" 
"unserialize" "recvData.SOCK0node" "recvData" "FUN" "lapply" "staticClusterApply" "clusterApply" "do.call" "parLapply" 
"unserialize" "recvData.SOCK0node" "recvData" "FUN" "lapply" "staticClusterApply" "clusterApply" "do.call" "parLapply" 
"unserialize" "recvData.SOCK0node" "recvData" "FUN" "lapply" "staticClusterApply" "clusterApply" "do.call" "parLapply" 
"unserialize" "recvData.SOCK0node" "recvData" "FUN" "lapply" "staticClusterApply" "clusterApply" "do.call" "parLapply" 
"unserialize" "recvData.SOCK0node" "recvData" "FUN" "lapply" "staticClusterApply" "clusterApply" "do.call" "parLapply" 
"unserialize" "recvData.SOCK0node" "recvData" "FUN" "lapply" "staticClusterApply" "clusterApply" "do.call" "parLapply" 
"unserialize" "recvData.SOCK0node" "recvData" "FUN" "lapply" "staticClusterApply" "clusterApply" "do.call" "parLapply" 
"unserialize" "recvData.SOCK0node" "recvData" "FUN" "lapply" "staticClusterApply" "clusterApply" "do.call" "parLapply" 
"unserialize" "recvData.SOCK0node" "recvData" "FUN" "lapply" "staticClusterApply" "clusterApply" "do.call" "parLapply" 
"unserialize" "recvData.SOCK0node" "recvData" "FUN" "lapply" "staticClusterApply" "clusterApply" "do.call" "parLapply" 
"unserialize" "recvData.SOCK0node" "recvData" "FUN" "lapply" "staticClusterApply" "clusterApply" "do.call" "parLapply" 
"unserialize" "recvData.SOCK0node" "recvData" "FUN" "lapply" "staticClusterApply" "clusterApply" "do.call" "parLapply" 
"unserialize" "recvData.SOCK0node" "recvData" "FUN" "lapply" "staticClusterApply" "clusterApply" "do.call" "parLapply" 
"unserialize" "recvData.SOCK0node" "recvData" "FUN" "lapply" "staticClusterApply" "clusterApply" "do.call" "parLapply" 
"unserialize" "recvData.SOCK0node" "recvData" "FUN" "lapply" "staticClusterApply" "clusterApply" "do.call" "parLapply" 
"unserialize" "recvData.SOCK0node" "recvData" "FUN" "lapply" "staticClusterApply" "clusterApply" "do.call" "parLapply" 
"unserialize" "recvData.SOCK0node" "recvData" "FUN" "lapply" "staticClusterApply" "clusterApply" "do.call" "parLapply" 
"unserialize" "recvData.SOCK0node" "recvData" "FUN" "lapply" "staticClusterApply" "clusterApply" "do.call" "parLapply" 
"unserialize" "recvData.SOCK0node" "recvData" "FUN" "lapply" "staticClusterApply" "clusterApply" "do.call" "parLapply" 
"unserialize" "recvData.SOCK0node" "recvData" "FUN" "lapply" "staticClusterApply" "clusterApply" "do.call" "parLapply" 
"unserialize" "recvData.SOCK0node" "recvData" "FUN" "lapply" "staticClusterApply" "clusterApply" "do.call" "parLapply" 
"unserialize" "recvData.SOCK0node" "recvData" "FUN" "lapply" "staticClusterApply" "clusterApply" "do.call" "parLapply" 
"unserialize" "recvData.SOCK0node" "recvData" "FUN" "lapply" "staticClusterApply" "clusterApply" "do.call" "parLapply" 
"unserialize" "recvData.SOCK0node" "recvData" "FUN" "lapply" "staticClusterApply" "clusterApply" "do.call" "parLapply" 
"unserialize" "recvData.SOCK0node" "recvData" "FUN" "lapply" "staticClusterApply" "clusterApply" "do.call" "parLapply" 
"unserialize" "recvData.SOCK0node" "recvData" "FUN" "lapply" "staticClusterApply" "clusterApply" "do.call" "parLapply" 
"unserialize" "recvData.SOCK0node" "recvData" "FUN" "lapply" "staticClusterApply" "clusterApply" "do.call" "parLapply" 
"unserialize" "recvData.SOCK0node" "recvData" "FUN" "lapply" "staticClusterApply" "clusterApply" "do.call" "parLapply" 
"unserialize" "recvData.SOCK0node" "recvData" "FUN" "lapply" "staticClusterApply" "clusterApply" "do.call" "parLapply" 
"unserialize" "recvData.SOCK0node" "recvData" "FUN" "lapply" "staticClusterApply" "clusterApply" "do.call" "parLapply" 
"unserialize" "recvData.SOCK0node" "recvData" "FUN" "lapply" "staticClusterApply" "clusterApply" "do.call" "parLapply" 
"unserialize" "recvData.SOCK0node" "recvData" "FUN" "lapply" "staticClusterApply" "clusterApply" "do.call" "parLapply" 
"unserialize" "recvData.SOCK0node" "recvData" "FUN" "lapply" "staticClusterApply" "clusterApply" "do.call" "parLapply" 
"unserialize" "recvData.SOCK0node" "recvData" "FUN" "lapply" "staticClusterApply" "clusterApply" "do.call" "parLapply" 
"unserialize" "recvData.SOCK0node" "recvData" "FUN" "lapply" "staticClusterApply" "clusterApply" "do.call" "parLapply" 
"unserialize" "recvData.SOCK0node" "recvData" "FUN" "lapply" "staticClusterApply" "clusterApply" "do.call" "parLapply" 
"unserialize" "recvData.SOCK0node" "recvData" "FUN" "lapply" "staticClusterApply" "clusterApply" "do.call" "parLapply" 
"unserialize" "recvData.SOCK0node" "recvData" "FUN" "lapply" "staticClusterApply" "clusterApply" "do.call" "parLapply" 
"unserialize" "recvData.SOCK0node" "recvData" "FUN" "lapply" "staticClusterApply" "clusterApply" "do.call" "parLapply" 
"unserialize" "recvData.SOCK0node" "recvData" "FUN" "lapply" "staticClusterApply" "clusterApply" "do.call" "parLapply" 
"unserialize" "recvData.SOCK0node" "recvData" "FUN" "lapply" "staticClusterApply" "clusterApply" "do.call" "parLapply" 
"unserialize" "recvData.SOCK0node" "recvData" "FUN" "lapply" "staticClusterApply" "clusterApply" "do.call" "parLapply" 
"unserialize" "recvData.SOCK0node" "recvData" "FUN" "lapply" "staticClusterApply" "clusterApply" "do.call" "parLapply" 
"unserialize" "recvData.SOCK0node" "recvData" "FUN" "lapply" "staticClusterApply" "clusterApply" "do.call" "parLapply" 
"unserialize" "recvData.SOCK0node" "recvData" "FUN" "lapply" "staticClusterApply" "clusterApply" "do.call" "parLapply" 
"unserialize" "recvData.SOCK0node" "recvData" "FUN" "lapply" "staticClusterApply" "clusterApply" "do.call" "parLapply" 
"unserialize" "recvData.SOCK0node" "recvData" "FUN" "lapply" "staticClusterApply" "clusterApply" "do.call" "parLapply" 
"unserialize" "recvData.SOCK0node" "recvData" "FUN" "lapply" "staticClusterApply" "clusterApply" "do.call" "parLapply" 
"unserialize" "recvData.SOCK0node" "recvData" "FUN" "lapply" "staticClusterApply" "clusterApply" "do.call" "parLapply" 
"unserialize" "recvData.SOCK0node" "recvData" "FUN" "lapply" "staticClusterApply" "clusterApply" "do.call" "parLapply" 
"unserialize" "recvData.SOCK0node" "recvData" "FUN" "lapply" "staticClusterApply" "clusterApply" "do.call" "parLapply" 
"unserialize" "recvData.SOCK0node" "recvData" "FUN" "lapply" "staticClusterApply" "clusterApply" "do.call" "parLapply" 
"unserialize" "recvData.SOCK0node" "recvData" "FUN" "lapply" "staticClusterApply" "clusterApply" "do.call" "parLapply" 
"unserialize" "recvData.SOCK0node" "recvData" "FUN" "lapply" "staticClusterApply" "clusterApply" "do.call" "parLapply" 
"unserialize" "recvData.SOCK0node" "recvData" "FUN" "lapply" "staticClusterApply" "clusterApply" "do.call" "parLapply" 
"unserialize" "recvData.SOCK0node" "recvData" "FUN" "lapply" "staticClusterApply" "clusterApply" "do.call" "parLapply" 
"unserialize" "recvData.SOCK0node" "recvData" "FUN" "lapply" "staticClusterApply" "clusterApply" "do.call" "parLapply" 
"unserialize" "recvData.SOCK0node" "recvData" "FUN" "lapply" "staticClusterApply" "clusterApply" "do.call" "parLapply" 
"unserialize" "recvData.SOCK0node" "recvData" "FUN" "lapply" "staticClusterApply" "clusterApply" "do.call" "parLapply" 
"unserialize" "recvData.SOCK0node" "recvData" "FUN" "lapply" "staticClusterApply" "clusterApply" "do.call" "parLapply" 
"unserialize" "recvData.SOCK0node" "recvData" "FUN" "lapply" "staticClusterApply" "clusterApply" "do.call" "parLapply" 
"unserialize" "recvData.SOCK0node" "recvData" "FUN" "lapply" "staticClusterApply" "clusterApply" "do.call" "parLapply" 
"unserialize" "recvData.SOCK0node" "recvData" "FUN" "lapply" "staticClusterApply" "clusterApply" "do.call" "parLapply" 
"unserialize" "recvData.SOCK0node" "recvData" "FUN" "lapply" "staticClusterApply" "clusterApply" "do.call" "parLapply" 
"unserialize" "recvData.SOCK0node" "recvData" "FUN" "lapply" "staticClusterApply" "clusterApply" "do.call" "parLapply" 
"unserialize" "recvData.SOCK0node" "recvData" "FUN" "lapply" "staticClusterApply" "clusterApply" "do.call" "parLapply" 
"unserialize" "recvData.SOCK0node" "recvData" "FUN" "lapply" "staticClusterApply" "clusterApply" "do.call" "parLapply" 
"unserialize" "recvData.SOCK0node" "recvData" "FUN" "lapply" "staticClusterApply" "clusterApply" "do.call" "parLapply" 
"unserialize" "recvData.SOCK0node" "recvData" "FUN" "lapply" "staticClusterApply" "clusterApply" "do.call" "parLapply" 
"unserialize" "recvData.SOCK0node" "recvData" "FUN" "lapply" "staticClusterApply" "clusterApply" "do.call" "parLapply" 
"unserialize" "recvData.SOCK0node" "recvData" "FUN" "lapply" "staticClusterApply" "clusterApply" "do.call" "parLapply" 
"unserialize" "recvData.SOCK0node" "recvData" "FUN" "lapply" "staticClusterApply" "clusterApply" "do.call" "parLapply" 
"unserialize" "recvData.SOCK0node" "recvData" "FUN" "lapply" "staticClusterApply" "clusterApply" "do.call" "parLapply" 
"unserialize" "recvData.SOCK0node" "recvData" "FUN" "lapply" "staticClusterApply" "clusterApply" "do.call" "parLapply" 
"unserialize" "recvData.SOCK0node" "recvData" "FUN" "lapply" "staticClusterApply" "clusterApply" "do.call" "parLapply" 
"unserialize" "recvData.SOCK0node" "recvData" "FUN" "lapply" "staticClusterApply" "clusterApply" "do.call" "parLapply" 
"unserialize" "recvData.SOCK0node" "recvData" "FUN" "lapply" "staticClusterApply" "clusterApply" "do.call" "parLapply" 
"unserialize" "recvData.SOCK0node" "recvData" "FUN" "lapply" "staticClusterApply" "clusterApply" "do.call" "parLapply" 
"unserialize" "recvData.SOCK0node" "recvData" "FUN" "lapply" "staticClusterApply" "clusterApply" "do.call" "parLapply" 
"unserialize" "recvData.SOCK0node" "recvData" "FUN" "lapply" "staticClusterApply" "clusterApply" "do.call" "parLapply" 
"unserialize" "recvData.SOCK0node" "recvData" "FUN" "lapply" "staticClusterApply" "clusterApply" "do.call" "parLapply" 
"unserialize" "recvData.SOCK0node" "recvData" "FUN" "lapply" "staticClusterApply" "clusterApply" "do.call" "parLapply" 
"unserialize" "recvData.SOCK0node" "recvData" "FUN" "lapply" "staticClusterApply" "clusterApply" "do.call" "parLapply" 
"unserialize" "recvData.SOCK0node" "recvData" "FUN" "lapply" "staticClusterApply" "clusterApply" "do.call" "parLapply" 
"unserialize" "recvData.SOCK0node" "recvData" "FUN" "lapply" "staticClusterApply" "clusterApply" "do.call" "parLapply" 
"unserialize" "recvData.SOCK0node" "recvData" "FUN" "lapply" "staticClusterApply" "clusterApply" "do.call" "parLapply" 
"unserialize" "recvData.SOCK0node" "recvData" "FUN" "lapply" "staticClusterApply" "clusterApply" "do.call" "parLapply" 
"unserialize" "recvData.SOCK0node" "recvData" "FUN" "lapply" "staticClusterApply" "clusterApply" "do.call" "parLapply" 
"unserialize" "recvData.SOCK0node" "recvData" "FUN" "lapply" "staticClusterApply" "clusterApply" "do.call" "parLapply" 
"unserialize" "recvData.SOCK0node" "recvData" "FUN" "lapply" "staticClusterApply" "clusterApply" "do.call" "parLapply" 
"unserialize" "recvData.SOCK0node" "recvData" "FUN" "lapply" "staticClusterApply" "clusterApply" "do.call" "parLapply" 
"unserialize" "recvData.SOCK0node" "recvData" "FUN" "lapply" "staticClusterApply" "clusterApply" "do.call" "parLapply" 
"unserialize" "recvData.SOCK0node" "recvData" "FUN" "lapply" "staticClusterApply" "clusterApply" "do.call" "parLapply" 
"unserialize" "recvData.SOCK0node" "recvData" "FUN" "lapply" "staticClusterApply" "clusterApply" "do.call" "parLapply" 
"unserialize" "recvData.SOCK0node" "recvData" "FUN" "lapply" "staticClusterApply" "clusterApply" "do.call" "parLapply" 
"unserialize" "recvData.SOCK0node" "recvData" "FUN" "lapply" "staticClusterApply" "clusterApply" "do.call" "parLapply" 
"unserialize" "recvData.SOCK0node" "recvData" "FUN" "lapply" "staticClusterApply" "clusterApply" "do.call" "parLapply" 
"unserialize" "recvData.SOCK0node" "recvData" "FUN" "lapply" "staticClusterApply" "clusterApply" "do.call" "parLapply" 
"unserialize" "recvData.SOCK0node" "recvData" "FUN" "lapply" "staticClusterApply" "clusterApply" "do.call" "parLapply" 
"unserialize" "recvData.SOCK0node" "recvData" "FUN" "lapply" "staticClusterApply" "clusterApply" "do.call" "parLapply" 
"unserialize" "recvData.SOCK0node" "recvData" "FUN" "lapply" "staticClusterApply" "clusterApply" "do.call" "parLapply" 
"unserialize" "recvData.SOCK0node" "recvData" "FUN" "lapply" "staticClusterApply" "clusterApply" "do.call" "parLapply" 
"unserialize" "recvData.SOCK0node" "recvData" "FUN" "lapply" "staticClusterApply" "clusterApply" "do.call" "parLapply" 
"unserialize" "recvData.SOCK0node" "recvData" "FUN" "lapply" "staticClusterApply" "clusterApply" "do.call" "parLapply" 
"unserialize" "recvData.SOCK0node" "recvData" "FUN" "lapply" "staticClusterApply" "clusterApply" "do.call" "parLapply" 
"unserialize" "recvData.SOCK0node" "recvData" "FUN" "lapply" "staticClusterApply" "clusterApply" "do.call" "parLapply" 
"unserialize" "recvData.SOCK0node" "recvData" "FUN" "lapply" "staticClusterApply" "clusterApply" "do.call" "parLapply" 
"unserialize" "recvData.SOCK0node" "recvData" "FUN" "lapply" "staticClusterApply" "clusterApply" "do.call" "parLapply" 
"unserialize" "recvData.SOCK0node" "recvData" "FUN" "lapply" "staticClusterApply" "clusterApply" "do.call" "parLapply" 
"unserialize" "recvData.SOCK0node" "recvData" "FUN" "lapply" "staticClusterApply" "clusterApply" "do.call" "parLapply" 
"unserialize" "recvData.SOCK0node" "recvData" "FUN" "lapply" "staticClusterApply" "clusterApply" "do.call" "parLapply" 
"unserialize" "recvData.SOCK0node" "recvData" "FUN" "lapply" "staticClusterApply" "clusterApply" "do.call" "parLapply" 
"unserialize" "recvData.SOCK0node" "recvData" "FUN" "lapply" "staticClusterApply" "clusterApply" "do.call" "parLapply" 
"unserialize" "recvData.SOCK0node" "recvData" "FUN" "lapply" "staticClusterApply" "clusterApply" "do.call" "parLapply" 
"unserialize" "recvData.SOCK0node" "recvData" "FUN" "lapply" "staticClusterApply" "clusterApply" "do.call" "parLapply" 
"unserialize" "recvData.SOCK0node" "recvData" "FUN" "lapply" "staticClusterApply" "clusterApply" "do.call" "parLapply" 
"unserialize" "recvData.SOCK0node" "recvData" "FUN" "lapply" "staticClusterApply" "clusterApply" "do.call" "parLapply" 
"unserialize" "recvData.SOCK0node" "recvData" "FUN" "lapply" "staticClusterApply" "clusterApply" "do.call" "parLapply" 
"unserialize" "recvData.SOCK0node" "recvData" "FUN" "lapply" "staticClusterApply" "clusterApply" "do.call" "parLapply" 
"unserialize" "recvData.SOCK0node" "recvData" "FUN" "lapply" "staticClusterApply" "clusterApply" "do.call" "parLapply" 
"unserialize" "recvData.SOCK0node" "recvData" "FUN" "lapply" "staticClusterApply" "clusterApply" "do.call" "parLapply" 
"unserialize" "recvData.SOCK0node" "recvData" "FUN" "lapply" "staticClusterApply" "clusterApply" "do.call" "parLapply" 
"unserialize" "recvData.SOCK0node" "recvData" "FUN" "lapply" "staticClusterApply" "clusterApply" "do.call" "parLapply" 
"unserialize" "recvData.SOCK0node" "recvData" "FUN" "lapply" "staticClusterApply" "clusterApply" "do.call" "parLapply" 
"unserialize" "recvData.SOCK0node" "recvData" "FUN" "lapply" "staticClusterApply" "clusterApply" "do.call" "parLapply" 
"unserialize" "recvData.SOCK0node" "recvData" "FUN" "lapply" "staticClusterApply" "clusterApply" "do.call" "parLapply" 
"unserialize" "recvData.SOCK0node" "recvData" "FUN" "lapply" "staticClusterApply" "clusterApply" "do.call" "parLapply" 
"unserialize" "recvData.SOCK0node" "recvData" "FUN" "lapply" "staticClusterApply" "clusterApply" "do.call" "parLapply" 
"unserialize" "recvData.SOCK0node" "recvData" "FUN" "lapply" "staticClusterApply" "clusterApply" "do.call" "parLapply" 
"unserialize" "recvData.SOCK0node" "recvData" "FUN" "lapply" "staticClusterApply" "clusterApply" "do.call" "parLapply" 
"unserialize" "recvData.SOCK0node" "recvData" "FUN" "lapply" "staticClusterApply" "clusterApply" "do.call" "parLapply" 
"unserialize" "recvData.SOCK0node" "recvData" "FUN" "lapply" "staticClusterApply" "clusterApply" "do.call" "parLapply" 
"unserialize" "recvData.SOCK0node" "recvData" "FUN" "lapply" "staticClusterApply" "clusterApply" "do.call" "parLapply" 
"unserialize" "recvData.SOCK0node" "recvData" "FUN" "lapply" "staticClusterApply" "clusterApply" "do.call" "parLapply" 
"unserialize" "recvData.SOCK0node" "recvData" "FUN" "lapply" "staticClusterApply" "clusterApply" "do.call" "parLapply" 
"unserialize" "recvData.SOCK0node" "recvData" "FUN" "lapply" "staticClusterApply" "clusterApply" "do.call" "parLapply" 
"unserialize" "recvData.SOCK0node" "recvData" "FUN" "lapply" "staticClusterApply" "clusterApply" "do.call" "parLapply" 
"unserialize" "recvData.SOCK0node" "recvData" "FUN" "lapply" "staticClusterApply" "clusterApply" "do.call" "parLapply" 
"unserialize" "recvData.SOCK0node" "recvData" "FUN" "lapply" "staticClusterApply" "clusterApply" "do.call" "parLapply" 
"unserialize" "recvData.SOCK0node" "recvData" "FUN" "lapply" "staticClusterApply" "clusterApply" "do.call" "parLapply" 
"unserialize" "recvData.SOCK0node" "recvData" "FUN" "lapply" "staticClusterApply" "clusterApply" "do.call" "parLapply" 
"unserialize" "recvData.SOCK0node" "recvData" "FUN" "lapply" "staticClusterApply" "clusterApply" "do.call" "parLapply" 
"unserialize" "recvData.SOCK0node" "recvData" "FUN" "lapply" "staticClusterApply" "clusterApply" "do.call" "parLapply" 
"unserialize" "recvData.SOCK0node" "recvData" "FUN" "lapply" "staticClusterApply" "clusterApply" "do.call" "parLapply" 
"unserialize" "recvData.SOCK0node" "recvData" "FUN" "lapply" "staticClusterApply" "clusterApply" "do.call" "parLapply" 
"unserialize" "recvData.SOCK0node" "recvData" "FUN" "lapply" "staticClusterApply" "clusterApply" "do.call" "parLapply" 
"unserialize" "recvData.SOCK0node" "recvData" "FUN" "lapply" "staticClusterApply" "clusterApply" "do.call" "parLapply" 
"unserialize" "recvData.SOCK0node" "recvData" "FUN" "lapply" "staticClusterApply" "clusterApply" "do.call" "parLapply" 
"unserialize" "recvData.SOCK0node" "recvData" "FUN" "lapply" "staticClusterApply" "clusterApply" "do.call" "parLapply" 
"unserialize" "recvData.SOCK0node" "recvData" "FUN" "lapply" "staticClusterApply" "clusterApply" "do.call" "parLapply" 
"unserialize" "recvData.SOCK0node" "recvData" "FUN" "lapply" "staticClusterApply" "clusterApply" "do.call" "parLapply" 
"unserialize" "recvData.SOCK0node" "recvData" "FUN" "lapply" "staticClusterApply" "clusterApply" "do.call" "parLapply" 
"unserialize" "recvData.SOCK0node" "recvData" "FUN" "lapply" "staticClusterApply" "clusterApply" "do.call" "parLapply" 
"unserialize" "recvData.SOCK0node" "recvData" "FUN" "lapply" "staticClusterApply" "clusterApply" "do.call" "parLapply" 
"unserialize" "recvData.SOCK0node" "recvData" "FUN" "lapply" "staticClusterApply" "clusterApply" "do.call" "parLapply" 
"unserialize" "recvData.SOCK0node" "recvData" "FUN" "lapply" "staticClusterApply" "clusterApply" "do.call" "parLapply" 
"unserialize" "recvData.SOCK0node" "recvData" "FUN" "lapply" "staticClusterApply" "clusterApply" "do.call" "parLapply" 
"unserialize" "recvData.SOCK0node" "recvData" "FUN" "lapply" "staticClusterApply" "clusterApply" "do.call" "parLapply" 
"unserialize" "recvData.SOCK0node" "recvData" "FUN" "lapply" "staticClusterApply" "clusterApply" "do.call" "parLapply" 
"unserialize" "recvData.SOCK0node" "recvData" "FUN" "lapply" "staticClusterApply" "clusterApply" "do.call" "parLapply" 
"unserialize" "recvData.SOCK0node" "recvData" "FUN" "lapply" "staticClusterApply" "clusterApply" "do.call" "parLapply" 
"unserialize" "recvData.SOCK0node" "recvData" "FUN" "lapply" "staticClusterApply" "clusterApply" "do.call" "parLapply" 
"unserialize" "recvData.SOCK0node" "recvData" "FUN" "lapply" "staticClusterApply" "clusterApply" "do.call" "parLapply" 
"unserialize" "recvData.SOCK0node" "recvData" "FUN" "lapply" "staticClusterApply" "clusterApply" "do.call" "parLapply" 
"unserialize" "recvData.SOCK0node" "recvData" "FUN" "lapply" "staticClusterApply" "clusterApply" "do.call" "parLapply" 
"unserialize" "recvData.SOCK0node" "recvData" "FUN" "lapply" "staticClusterApply" "clusterApply" "do.call" "parLapply" 
"unserialize" "recvData.SOCK0node" "recvData" "FUN" "lapply" "staticClusterApply" "clusterApply" "do.call" "parLapply" 
"unserialize" "recvData.SOCK0node" "recvData" "FUN" "lapply" "staticClusterApply" "clusterApply" "do.call" "parLapply" 
"unserialize" "recvData.SOCK0node" "recvData" "FUN" "lapply" "staticClusterApply" "clusterApply" "do.call" "parLapply" 
"unserialize" "recvData.SOCK0node" "recvData" "FUN" "lapply" "staticClusterApply" "clusterApply" "do.call" "parLapply" 
"unserialize" "recvData.SOCK0node" "recvData" "FUN" "lapply" "staticClusterApply" "clusterApply" "do.call" "parLapply" 
"unserialize" "recvData.SOCK0node" "recvData" "FUN" "lapply" "staticClusterApply" "clusterApply" "do.call" "parLapply" 
"unserialize" "recvData.SOCK0node" "recvData" "FUN" "lapply" "staticClusterApply" "clusterApply" "do.call" "parLapply" 
"unserialize" "recvData.SOCK0node" "recvData" "FUN" "lapply" "staticClusterApply" "clusterApply" "do.call" "parLapply" 
"unserialize" "recvData.SOCK0node" "recvData" "FUN" "lapply" "staticClusterApply" "clusterApply" "do.call" "parLapply" 
"unserialize" "recvData.SOCK0node" "recvData" "FUN" "lapply" "staticClusterApply" "clusterApply" "do.call" "parLapply" 
"unserialize" "recvData.SOCK0node" "recvData" "FUN" "lapply" "staticClusterApply" "clusterApply" "do.call" "parLapply" 
"unserialize" "recvData.SOCK0node" "recvData" "FUN" "lapply" "staticClusterApply" "clusterApply" "do.call" "parLapply" 
"unserialize" "recvData.SOCK0node" "recvData" "FUN" "lapply" "staticClusterApply" "clusterApply" "do.call" "parLapply" 
"unserialize" "recvData.SOCK0node" "recvData" "FUN" "lapply" "staticClusterApply" "clusterApply" "do.call" "parLapply" 
"unserialize" "recvData.SOCK0node" "recvData" "FUN" "lapply" "staticClusterApply" "clusterApply" "do.call" "parLapply" 
"unserialize" "recvData.SOCK0node" "recvData" "FUN" "lapply" "staticClusterApply" "clusterApply" "do.call" "parLapply" 
"unserialize" "recvData.SOCK0node" "recvData" "FUN" "lapply" "staticClusterApply" "clusterApply" "do.call" "parLapply" 
"unserialize" "recvData.SOCK0node" "recvData" "FUN" "lapply" "staticClusterApply" "clusterApply" "do.call" "parLapply" 
"unserialize" "recvData.SOCK0node" "recvData" "FUN" "lapply" "staticClusterApply" "clusterApply" "do.call" "parLapply" 
"unserialize" "recvData.SOCK0node" "recvData" "FUN" "lapply" "staticClusterApply" "clusterApply" "do.call" "parLapply" 
"unserialize" "recvData.SOCK0node" "recvData" "FUN" "lapply" "staticClusterApply" "clusterApply" "do.call" "parLapply" 
"unserialize" "recvData.SOCK0node" "recvData" "FUN" "lapply" "staticClusterApply" "clusterApply" "do.call" "parLapply" 
"unserialize" "recvData.SOCK0node" "recvData" "FUN" "lapply" "staticClusterApply" "clusterApply" "do.call" "parLapply" 
"unserialize" "recvData.SOCK0node" "recvData" "FUN" "lapply" "staticClusterApply" "clusterApply" "do.call" "parLapply" 
"unserialize" "recvData.SOCK0node" "recvData" "FUN" "lapply" "staticClusterApply" "clusterApply" "do.call" "parLapply" 
"unserialize" "recvData.SOCK0node" "recvData" "FUN" "lapply" "staticClusterApply" "clusterApply" "do.call" "parLapply" 
"unserialize" "recvData.SOCK0node" "recvData" "FUN" "lapply" "staticClusterApply" "clusterApply" "do.call" "parLapply" 
"unserialize" "recvData.SOCK0node" "recvData" "FUN" "lapply" "staticClusterApply" "clusterApply" "do.call" "parLapply" 
"unserialize" "recvData.SOCK0node" "recvData" "FUN" "lapply" "staticClusterApply" "clusterApply" "do.call" "parLapply" 
"unserialize" "recvData.SOCK0node" "recvData" "FUN" "lapply" "staticClusterApply" "clusterApply" "do.call" "parLapply" 
"unserialize" "recvData.SOCK0node" "recvData" "FUN" "lapply" "staticClusterApply" "clusterApply" "do.call" "parLapply" 
"unserialize" "recvData.SOCK0node" "recvData" "FUN" "lapply" "staticClusterApply" "clusterApply" "do.call" "parLapply" 
"unserialize" "recvData.SOCK0node" "recvData" "FUN" "lapply" "staticClusterApply" "clusterApply" "do.call" "parLapply" 
"unserialize" "recvData.SOCK0node" "recvData" "FUN" "lapply" "staticClusterApply" "clusterApply" "do.call" "parLapply" 
"unserialize" "recvData.SOCK0node" "recvData" "FUN" "lapply" "staticClusterApply" "clusterApply" "do.call" "parLapply" 
"unserialize" "recvData.SOCK0node" "recvData" "FUN" "lapply" "staticClusterApply" "clusterApply" "do.call" "parLapply" 
"unserialize" "recvData.SOCK0node" "recvData" "FUN" "lapply" "staticClusterApply" "clusterApply" "do.call" "parLapply" 
"unserialize" "recvData.SOCK0node" "recvData" "FUN" "lapply" "staticClusterApply" "clusterApply" "do.call" "parLapply" 
"unserialize" "recvData.SOCK0node" "recvData" "FUN" "lapply" "staticClusterApply" "clusterApply" "do.call" "parLapply" 
"readRDS" "available.packages" "install.packages" 
"readRDS" "available.packages" "install.packages" 
"cbind" "available.packages" "install.packages" 
"strsplit" "lapply" "f" "available.packages" "install.packages" 
"grepl" "FUN" "lapply" "f" "available.packages" "install.packages" 
"grepl" "FUN" "lapply" "f" "available.packages" "install.packages" 
"grepl" "FUN" "lapply" "f" "available.packages" "install.packages" 
"sub" "split" "f" "available.packages" "install.packages" 
"vapply" ".encode_numeric_version" "split" "Ops.numeric_version" ">=" "do.call" "f" "available.packages" "install.packages" 
"paste" "FUN" "vapply" ".encode_numeric_version" "split" "Ops.numeric_version" ">=" "do.call" "f" "available.packages" "install.packages" 
"paste" "FUN" "vapply" ".encode_numeric_version" "split" "Ops.numeric_version" ">=" "do.call" "f" "available.packages" "install.packages" 
"f" "available.packages" "install.packages" 
"file.access" ".readPkgDesc" "installed.packages" "getDependencies" "install.packages" 
"file.access" ".readPkgDesc" "installed.packages" "getDependencies" "install.packages" 
"readRDS" "doTryCatch" "tryCatchOne" "tryCatchList" "tryCatch" "try" ".readPkgDesc" "installed.packages" "getDependencies" "install.packages" 
"readRDS" "available.packages" "install.packages" 
"readRDS" "available.packages" "install.packages" 
"readRDS" "available.packages" "install.packages" 
"lapply" "f" "available.packages" "install.packages" 
"grepl" "FUN" "lapply" "f" "available.packages" "install.packages" 
"grepl" "FUN" "lapply" "f" "available.packages" "install.packages" 
"sub" "f" "available.packages" "install.packages" 
"structure" "c.numeric_version" "c" "c" "is.numeric_version" ".encode_numeric_version" "split" "Ops.numeric_version" ">=" "do.call" "f" "available.packages" "install.packages" 
"paste" "FUN" "vapply" ".encode_numeric_version" "split" "Ops.numeric_version" ">=" "do.call" "f" "available.packages" "install.packages" 
"paste0" "strlpad" "paste" "FUN" "vapply" ".encode_numeric_version" "split" "Ops.numeric_version" ">=" "do.call" "f" "available.packages" "install.packages" 
"f" "available.packages" "install.packages" 
"download.file" "doTryCatch" "tryCatchOne" "tryCatchList" "tryCatch" "try" "download.packages" ".install.macbinary" "install.packages" 
"download.file" "doTryCatch" "tryCatchOne" "tryCatchList" "tryCatch" "try" "download.packages" ".install.macbinary" "install.packages" 
"download.file" "doTryCatch" "tryCatchOne" "tryCatchList" "tryCatch" "try" "download.packages" ".install.macbinary" "install.packages" 
"download.file" "doTryCatch" "tryCatchOne" "tryCatchList" "tryCatch" "try" "download.packages" ".install.macbinary" "install.packages" 
"download.file" "doTryCatch" "tryCatchOne" "tryCatchList" "tryCatch" "try" "download.packages" ".install.macbinary" "install.packages" 
"download.file" "doTryCatch" "tryCatchOne" "tryCatchList" "tryCatch" "try" "download.packages" ".install.macbinary" "install.packages" 
"download.file" "doTryCatch" "tryCatchOne" "tryCatchList" "tryCatch" "try" "download.packages" ".install.macbinary" "install.packages" 
"download.file" "doTryCatch" "tryCatchOne" "tryCatchList" "tryCatch" "try" "download.packages" ".install.macbinary" "install.packages" 
"download.file" "doTryCatch" "tryCatchOne" "tryCatchList" "tryCatch" "try" "download.packages" ".install.macbinary" "install.packages" 
"download.file" "doTryCatch" "tryCatchOne" "tryCatchList" "tryCatch" "try" "download.packages" ".install.macbinary" "install.packages" 
"download.file" "doTryCatch" "tryCatchOne" "tryCatchList" "tryCatch" "try" "download.packages" ".install.macbinary" "install.packages" 
"download.file" "doTryCatch" "tryCatchOne" "tryCatchList" "tryCatch" "try" "download.packages" ".install.macbinary" "install.packages" 
"is.na" "download.packages" ".install.macbinary" "install.packages" 
"is.na" "download.packages" ".install.macbinary" "install.packages" 
"download.file" "doTryCatch" "tryCatchOne" "tryCatchList" "tryCatch" "try" "download.packages" ".install.macbinary" "install.packages" 
"download.file" "doTryCatch" "tryCatchOne" "tryCatchList" "tryCatch" "try" "download.packages" ".install.macbinary" "install.packages" 
"download.file" "doTryCatch" "tryCatchOne" "tryCatchList" "tryCatch" "try" "download.packages" ".install.macbinary" "install.packages" 
"download.file" "doTryCatch" "tryCatchOne" "tryCatchList" "tryCatch" "try" "download.packages" ".install.macbinary" "install.packages" 
"download.file" "doTryCatch" "tryCatchOne" "tryCatchList" "tryCatch" "try" "download.packages" ".install.macbinary" "install.packages" 
"download.file" "doTryCatch" "tryCatchOne" "tryCatchList" "tryCatch" "try" "download.packages" "install.packages" 
"download.file" "doTryCatch" "tryCatchOne" "tryCatchList" "tryCatch" "try" "download.packages" "install.packages" 
"download.file" "doTryCatch" "tryCatchOne" "tryCatchList" "tryCatch" "try" "download.packages" "install.packages" 
"download.file" "doTryCatch" "tryCatchOne" "tryCatchList" "tryCatch" "try" "download.packages" "install.packages" 
"download.file" "doTryCatch" "tryCatchOne" "tryCatchList" "tryCatch" "try" "download.packages" "install.packages" 
"namespaceImportFrom" "namespaceImport" "loadNamespace" "namespaceImport" "loadNamespace" "asNamespace" "namespaceImportFrom" "loadNamespace" "doTryCatch" "tryCatchOne" "tryCatchList" "tryCatch" "try" "library" 
"file.exists" "find.package" "loadNamespace" "asNamespace" "namespaceImportFrom" "loadNamespace" "namespaceImport" "loadNamespace" "asNamespace" "namespaceImportFrom" "loadNamespace" "doTryCatch" "tryCatchOne" "tryCatchList" "tryCatch" "try" "library" 
"match" "%in%" "namespaceExport" "loadNamespace" "asNamespace" "namespaceImportFrom" "loadNamespace" "namespaceImport" "loadNamespace" "asNamespace" "namespaceImportFrom" "loadNamespace" "doTryCatch" "tryCatchOne" "tryCatchList" "tryCatch" "try" "library" 
"gettext" "namespaceImportFrom" "namespaceImport" "loadNamespace" "asNamespace" "namespaceImportFrom" "loadNamespace" "doTryCatch" "tryCatchOne" "tryCatchList" "tryCatch" "try" "library" 
"sub" ".S3methods" "methods" "doTryCatch" "tryCatchOne" "tryCatchList" "doTryCatch" "tryCatchOne" "tryCatchList" "tryCatch" "utils:::functionArgs" "gsub" "doTryCatch" "tryCatchOne" "tryCatchList" "tryCatch" ".ess_funargs" 
"[[" "Climb" "FromDataFrameTable" "prof.tree" 
"Node$new" "mynode$AddChild" "FromDataFrameTable" "prof.tree" 
"isRoot" "<Anonymous>" "<Anonymous>" "<Anonymous>" "<Anonymous>" "<Anonymous>" "<Anonymous>" "<Anonymous>" "<Anonymous>" "FromDataFrameTable" "prof.tree" 
"c" "Traverse" "Traverse" "Traverse" "Traverse" "Traverse" "Traverse" "Traverse" "Traverse" "Traverse" "Traverse" "tree$Do" "prof.tree" 
"isRoot" "filterFun" "Traverse" "Traverse" "Traverse" "Traverse" "Traverse" "Traverse" "Traverse" "Traverse" "Traverse" "Traverse" "Traverse" "Traverse" "tree$Do" "prof.tree" 
"+" "ifelse" "fun" "Do" "PrintPruneDist" "print.Node" "NextMethod" "print.ProfTree" "print" 
"isRoot" "<Anonymous>" "GetObjectAttribute" "GetObjectAttribute" "GetObjectAttribute" "GetObjectAttribute" "GetObjectAttribute" "GetObjectAttribute" "GetObjectAttribute" "GetObjectAttribute" "GetObjectAttribute" "GetObjectAttribute" "GetObjectAttribute" "GetObjectAttribute" "GetObjectAttribute" "GetObjectAttribute" "GetObjectAttribute" "GetObjectAttribute" "GetObjectAttribute" "GetObjectAttribute" "GetObjectAttribute" "GetAttribute" "FUN" "lapply" "sapply" "Get" "Get" "order" "PrintPruneDist" "print.Node" "NextMethod" "print.ProfTree" "print" 
"GetObjectAttribute" "GetAttribute" "FUN" "lapply" "sapply" "Get" "order" "PrintPruneDist" "print.Node" "NextMethod" "print.ProfTree" "print" 
"GetObjectAttribute" "GetObjectAttribute" "GetObjectAttribute" "GetObjectAttribute" "GetObjectAttribute" "GetObjectAttribute" "GetObjectAttribute" "GetObjectAttribute" "GetObjectAttribute" "GetObjectAttribute" "GetObjectAttribute" "GetObjectAttribute" "GetObjectAttribute" "GetObjectAttribute" "GetObjectAttribute" "GetObjectAttribute" "GetObjectAttribute" "GetObjectAttribute" "GetObjectAttribute" "GetAttribute" "FUN" "lapply" "sapply" "Get" "order" "PrintPruneDist" "print.Node" "NextMethod" "print.ProfTree" "print" 
"GetObjectAttribute" "GetObjectAttribute" "GetObjectAttribute" "GetObjectAttribute" "GetObjectAttribute" "GetObjectAttribute" "GetObjectAttribute" "GetObjectAttribute" "GetObjectAttribute" "GetObjectAttribute" "GetObjectAttribute" "GetObjectAttribute" "GetObjectAttribute" "GetObjectAttribute" "GetObjectAttribute" "GetObjectAttribute" "GetObjectAttribute" "GetObjectAttribute" "GetObjectAttribute" "GetAttribute" "FUN" "lapply" "sapply" "Get" "order" "PrintPruneDist" "print.Node" "NextMethod" "print.ProfTree" "print" 
"GetObjectAttribute" "GetObjectAttribute" "GetObjectAttribute" "GetObjectAttribute" "GetObjectAttribute" "GetObjectAttribute" "GetObjectAttribute" "GetObjectAttribute" "GetObjectAttribute" "GetObjectAttribute" "GetObjectAttribute" "GetObjectAttribute" "GetObjectAttribute" "GetObjectAttribute" "GetObjectAttribute" "GetObjectAttribute" "GetObjectAttribute" "GetObjectAttribute" "GetObjectAttribute" "GetAttribute" "FUN" "lapply" "sapply" "Get" "order" "PrintPruneDist" "print.Node" "NextMethod" "print.ProfTree" "print" 
"GetObjectAttribute" "GetObjectAttribute" "GetObjectAttribute" "GetObjectAttribute" "GetObjectAttribute" "GetObjectAttribute" "GetObjectAttribute" "GetObjectAttribute" "GetObjectAttribute" "GetObjectAttribute" "GetObjectAttribute" "GetObjectAttribute" "GetObjectAttribute" "GetObjectAttribute" "GetObjectAttribute" "GetObjectAttribute" "GetObjectAttribute" "GetObjectAttribute" "GetObjectAttribute" "GetAttribute" "FUN" "lapply" "sapply" "Get" "order" "PrintPruneDist" "print.Node" "NextMethod" "print.ProfTree" "print" 
"GetObjectAttribute" "GetObjectAttribute" "GetObjectAttribute" "GetObjectAttribute" "GetObjectAttribute" "GetObjectAttribute" "GetObjectAttribute" "GetObjectAttribute" "GetObjectAttribute" "GetObjectAttribute" "GetObjectAttribute" "GetObjectAttribute" "GetObjectAttribute" "GetObjectAttribute" "GetObjectAttribute" "GetObjectAttribute" "GetObjectAttribute" "GetObjectAttribute" "GetObjectAttribute" "GetAttribute" "FUN" "lapply" "sapply" "Get" "order" "PrintPruneDist" "print.Node" "NextMethod" "print.ProfTree" "print" 
"GetObjectAttribute" "GetObjectAttribute" "GetObjectAttribute" "GetObjectAttribute" "GetObjectAttribute" "GetObjectAttribute" "GetObjectAttribute" "GetObjectAttribute" "GetObjectAttribute" "GetObjectAttribute" "GetObjectAttribute" "GetObjectAttribute" "GetObjectAttribute" "GetObjectAttribute" "GetObjectAttribute" "GetObjectAttribute" "GetObjectAttribute" "GetObjectAttribute" "GetObjectAttribute" "GetAttribute" "FUN" "lapply" "sapply" "Get" "order" "PrintPruneDist" "print.Node" "NextMethod" "print.ProfTree" "print" 
"GetObjectAttribute" "GetObjectAttribute" "GetObjectAttribute" "GetObjectAttribute" "GetObjectAttribute" "GetObjectAttribute" "GetObjectAttribute" "GetObjectAttribute" "GetObjectAttribute" "GetObjectAttribute" "GetObjectAttribute" "GetObjectAttribute" "GetObjectAttribute" "GetObjectAttribute" "GetObjectAttribute" "GetObjectAttribute" "GetObjectAttribute" "GetObjectAttribute" "GetObjectAttribute" "GetAttribute" "FUN" "lapply" "sapply" "Get" "order" "PrintPruneDist" "print.Node" "NextMethod" "print.ProfTree" "print" 
"GetObjectAttribute" "GetObjectAttribute" "GetObjectAttribute" "GetObjectAttribute" "GetObjectAttribute" "GetObjectAttribute" "GetObjectAttribute" "GetObjectAttribute" "GetObjectAttribute" "GetObjectAttribute" "GetObjectAttribute" "GetObjectAttribute" "GetObjectAttribute" "GetObjectAttribute" "GetObjectAttribute" "GetObjectAttribute" "GetObjectAttribute" "GetObjectAttribute" "GetObjectAttribute" "GetAttribute" "FUN" "lapply" "sapply" "Get" "order" "PrintPruneDist" "print.Node" "NextMethod" "print.ProfTree" "print" 
"GetObjectAttribute" "GetObjectAttribute" "GetObjectAttribute" "GetObjectAttribute" "GetObjectAttribute" "GetObjectAttribute" "GetObjectAttribute" "GetObjectAttribute" "GetObjectAttribute" "GetObjectAttribute" "GetObjectAttribute" "GetObjectAttribute" "GetObjectAttribute" "GetObjectAttribute" "GetObjectAttribute" "GetObjectAttribute" "GetObjectAttribute" "GetObjectAttribute" "GetObjectAttribute" "GetAttribute" "FUN" "lapply" "sapply" "Get" "order" "PrintPruneDist" "print.Node" "NextMethod" "print.ProfTree" "print" 
"GetObjectAttribute" "GetObjectAttribute" "GetObjectAttribute" "GetObjectAttribute" "GetObjectAttribute" "GetObjectAttribute" "GetObjectAttribute" "GetObjectAttribute" "GetObjectAttribute" "GetObjectAttribute" "GetObjectAttribute" "GetObjectAttribute" "GetObjectAttribute" "GetObjectAttribute" "GetObjectAttribute" "GetObjectAttribute" "GetObjectAttribute" "GetObjectAttribute" "GetObjectAttribute" "GetAttribute" "FUN" "lapply" "sapply" "Get" "order" "PrintPruneDist" "print.Node" "NextMethod" "print.ProfTree" "print" 
"GetObjectAttribute" "GetObjectAttribute" "GetObjectAttribute" "GetObjectAttribute" "GetObjectAttribute" "GetObjectAttribute" "GetObjectAttribute" "GetObjectAttribute" "GetObjectAttribute" "GetObjectAttribute" "GetObjectAttribute" "GetObjectAttribute" "GetObjectAttribute" "GetObjectAttribute" "GetObjectAttribute" "GetObjectAttribute" "GetObjectAttribute" "GetObjectAttribute" "GetObjectAttribute" "GetAttribute" "FUN" "lapply" "sapply" "Get" "order" "PrintPruneDist" "print.Node" "NextMethod" "print.ProfTree" "print" 
"GetObjectAttribute" "GetObjectAttribute" "GetObjectAttribute" "GetObjectAttribute" "GetObjectAttribute" "GetObjectAttribute" "GetObjectAttribute" "GetObjectAttribute" "GetObjectAttribute" "GetObjectAttribute" "GetObjectAttribute" "GetObjectAttribute" "GetObjectAttribute" "GetObjectAttribute" "GetObjectAttribute" "GetObjectAttribute" "GetObjectAttribute" "GetObjectAttribute" "GetObjectAttribute" "GetAttribute" "FUN" "lapply" "sapply" "Get" "order" "PrintPruneDist" "print.Node" "NextMethod" "print.ProfTree" "print" 
"GetObjectAttribute" "GetObjectAttribute" "GetObjectAttribute" "GetObjectAttribute" "GetObjectAttribute" "GetObjectAttribute" "GetObjectAttribute" "GetObjectAttribute" "GetObjectAttribute" "GetObjectAttribute" "GetObjectAttribute" "GetObjectAttribute" "GetObjectAttribute" "GetObjectAttribute" "GetObjectAttribute" "GetObjectAttribute" "GetObjectAttribute" "GetObjectAttribute" "GetObjectAttribute" "GetAttribute" "FUN" "lapply" "sapply" "Get" "order" "PrintPruneDist" "print.Node" "NextMethod" "print.ProfTree" "print" 
"GetObjectAttribute" "GetObjectAttribute" "GetObjectAttribute" "GetObjectAttribute" "GetObjectAttribute" "GetObjectAttribute" "GetObjectAttribute" "GetObjectAttribute" "GetObjectAttribute" "GetObjectAttribute" "GetObjectAttribute" "GetObjectAttribute" "GetObjectAttribute" "GetObjectAttribute" "GetObjectAttribute" "GetObjectAttribute" "GetObjectAttribute" "GetObjectAttribute" "GetObjectAttribute" "GetAttribute" "FUN" "lapply" "sapply" "Get" "order" "PrintPruneDist" "print.Node" "NextMethod" "print.ProfTree" "print" 
"GetObjectAttribute" "GetObjectAttribute" "GetObjectAttribute" "GetObjectAttribute" "GetObjectAttribute" "GetObjectAttribute" "GetObjectAttribute" "GetObjectAttribute" "GetObjectAttribute" "GetObjectAttribute" "GetObjectAttribute" "GetObjectAttribute" "GetObjectAttribute" "GetObjectAttribute" "GetObjectAttribute" "GetObjectAttribute" "GetObjectAttribute" "GetObjectAttribute" "GetObjectAttribute" "GetAttribute" "FUN" "lapply" "sapply" "Get" "order" "PrintPruneDist" "print.Node" "NextMethod" "print.ProfTree" "print" 
"GetObjectAttribute" "GetObjectAttribute" "GetObjectAttribute" "GetObjectAttribute" "GetObjectAttribute" "GetObjectAttribute" "GetObjectAttribute" "GetObjectAttribute" "GetObjectAttribute" "GetObjectAttribute" "GetObjectAttribute" "GetObjectAttribute" "GetObjectAttribute" "GetObjectAttribute" "GetObjectAttribute" "GetObjectAttribute" "GetObjectAttribute" "GetObjectAttribute" "GetObjectAttribute" "GetAttribute" "FUN" "lapply" "sapply" "Get" "order" "PrintPruneDist" "print.Node" "NextMethod" "print.ProfTree" "print" 
"GetObjectAttribute" "GetObjectAttribute" "GetObjectAttribute" "GetObjectAttribute" "GetObjectAttribute" "GetObjectAttribute" "GetObjectAttribute" "GetObjectAttribute" "GetObjectAttribute" "GetObjectAttribute" "GetObjectAttribute" "GetObjectAttribute" "GetObjectAttribute" "GetObjectAttribute" "GetObjectAttribute" "GetObjectAttribute" "GetObjectAttribute" "GetObjectAttribute" "GetObjectAttribute" "GetAttribute" "FUN" "lapply" "sapply" "Get" "order" "PrintPruneDist" "print.Node" "NextMethod" "print.ProfTree" "print" 
"GetObjectAttribute" "GetObjectAttribute" "GetObjectAttribute" "GetObjectAttribute" "GetObjectAttribute" "GetObjectAttribute" "GetObjectAttribute" "GetObjectAttribute" "GetObjectAttribute" "GetObjectAttribute" "GetObjectAttribute" "GetObjectAttribute" "GetObjectAttribute" "GetObjectAttribute" "GetObjectAttribute" "GetObjectAttribute" "GetObjectAttribute" "GetObjectAttribute" "GetObjectAttribute" "GetAttribute" "FUN" "lapply" "sapply" "Get" "order" "PrintPruneDist" "print.Node" "NextMethod" "print.ProfTree" "print" 
"GetObjectAttribute" "GetObjectAttribute" "GetObjectAttribute" "GetObjectAttribute" "GetObjectAttribute" "GetAttribute" "FUN" "lapply" "sapply" "Get" "Get" "order" "PrintPruneDist" "print.Node" "NextMethod" "print.ProfTree" "print" 
".Clone" "Clone" "PrintPruneDist" "print.Node" "NextMethod" "print.ProfTree" "print" 
"FUN" "lapply" "assign_func_envs" "Node$new" "mynode$AddChild" "FromDataFrameTable" "prof.tree" 
"match" "%in%" "CheckNameReservedWord" "FromDataFrameTable" "prof.tree" 
"match" "%in%" "CheckNameReservedWord" "FromDataFrameTable" "prof.tree" 
"c" "Traverse" "Traverse" "Traverse" "Traverse" "Traverse" "Traverse" "Traverse" "Traverse" "Traverse" "Traverse" "Traverse" "Traverse" "tree$Do" "prof.tree" 
"GetObjectAttribute" "GetObjectAttribute" "GetObjectAttribute" "GetObjectAttribute" "GetObjectAttribute" "GetObjectAttribute" "GetObjectAttribute" "GetObjectAttribute" "GetObjectAttribute" "GetObjectAttribute" "GetObjectAttribute" "GetAttribute" "FUN" "lapply" "sapply" "Get" "order" "PrintPruneDist" "print.Node" "NextMethod" "print.ProfTree" "print" 
"GetAttribute" "FUN" "lapply" "sapply" "Get" "order" "PrintPruneDist" "print.Node" "NextMethod" "print.ProfTree" "print" 
"isRoot" "<Anonymous>" "GetObjectAttribute" "GetObjectAttribute" "GetObjectAttribute" "GetObjectAttribute" "GetObjectAttribute" "GetObjectAttribute" "GetObjectAttribute" "GetObjectAttribute" "GetObjectAttribute" "GetObjectAttribute" "GetObjectAttribute" "GetObjectAttribute" "GetAttribute" "FUN" "lapply" "sapply" "Get" "Get" "order" "PrintPruneDist" "print.Node" "NextMethod" "print.ProfTree" "print" 
"mapply" "Set" "PrintPruneDist" "print.Node" "NextMethod" "print.ProfTree" "print" 
"lockBinding" "Node$new" "mynode$AddChild" "FromDataFrameTable" "prof.tree" 
"Node$new" "mynode$AddChild" "FromDataFrameTable" "prof.tree" 
"isRoot" "<Anonymous>" "<Anonymous>" "<Anonymous>" "<Anonymous>" "FromDataFrameTable" "prof.tree" 
"Traverse" "tree$Do" "prof.tree" 
"changeName" "<Anonymous>" "fun" "Do" "tree$Do" "prof.tree" 
"paste0" ".parentSeparator" "paste0" ".separator" "paste0" "<Anonymous>" "GetAttribute" "FUN" "lapply" "sapply" "Get" "format" "data.frame" "as.data.frame.Node" "as.data.frame" "ToDataFrameTree" "print.Node" "NextMethod" "print.ProfTree" "print" 
".parentSeparator" "paste0" ".parentSeparator" "paste0" ".parentSeparator" "paste0" ".separator" "paste0" "<Anonymous>" "GetAttribute" "FUN" "lapply" "sapply" "Get" "format" "data.frame" "as.data.frame.Node" "as.data.frame" "ToDataFrameTree" "print.Node" "NextMethod" "print.ProfTree" "print" 
"isRoot" "<Anonymous>" "<Anonymous>" ".parentSeparator" "paste0" ".parentSeparator" "paste0" ".parentSeparator" "paste0" ".parentSeparator" "paste0" ".parentSeparator" "paste0" ".parentSeparator" "paste0" ".parentSeparator" "paste0" ".parentSeparator" "paste0" ".separator" "paste0" "<Anonymous>" "GetAttribute" "FUN" "lapply" "sapply" "Get" "format" "data.frame" "as.data.frame.Node" "as.data.frame" "ToDataFrameTree" "print.Node" "NextMethod" "print.ProfTree" "print" 
"GetObjectAttribute" "GetAttribute" "FUN" "lapply" "sapply" "Get" "as.data.frame.Node" "as.data.frame" "ToDataFrameTree" "print.Node" "NextMethod" "print.ProfTree" "print" 
"$" "isRoot" "<Anonymous>" "GetObjectAttribute" "GetObjectAttribute" "GetObjectAttribute" "GetObjectAttribute" "GetObjectAttribute" "GetObjectAttribute" "GetObjectAttribute" "GetObjectAttribute" "GetObjectAttribute" "GetObjectAttribute" "GetObjectAttribute" "GetObjectAttribute" "GetObjectAttribute" "GetAttribute" "FUN" "lapply" "sapply" "Get" "Get" "as.data.frame.Node" "as.data.frame" "ToDataFrameTree" "print.Node" "NextMethod" "print.ProfTree" "print" 
"$" "GetObjectAttribute" "GetObjectAttribute" "GetObjectAttribute" "GetObjectAttribute" "GetObjectAttribute" "GetObjectAttribute" "GetObjectAttribute" "GetObjectAttribute" "GetObjectAttribute" "GetObjectAttribute" "GetObjectAttribute" "GetObjectAttribute" "GetObjectAttribute" "GetObjectAttribute" "GetObjectAttribute" "GetObjectAttribute" "GetObjectAttribute" "GetObjectAttribute" "GetObjectAttribute" "GetAttribute" "FUN" "lapply" "sapply" "Get" "Get" "as.data.frame.Node" "as.data.frame" "ToDataFrameTree" "print.Node" "NextMethod" "print.ProfTree" "print" 
"attr" "GetObjectAttribute" "GetObjectAttribute" "GetObjectAttribute" "GetObjectAttribute" "GetObjectAttribute" "GetObjectAttribute" "GetObjectAttribute" "GetObjectAttribute" "GetAttribute" "FUN" "lapply" "sapply" "Get" "as.data.frame.Node" "as.data.frame" "ToDataFrameTree" "print.Node" "NextMethod" "print.ProfTree" "print" 
"print.default" "print" "print.data.frame" "print" "print.Node" "NextMethod" "print.ProfTree" "print" 
"ls" "match" "%in%" "find" "getAnywhere" "<Anonymous>" "do.call" "FUN" "lapply" "unlist" "unique" "utils:::functionArgs" "gsub" "doTryCatch" "tryCatchOne" "tryCatchList" "tryCatch" ".ess_funargs" 
"ls" "match" "%in%" "find" "getAnywhere" "<Anonymous>" "do.call" "FUN" "lapply" "unlist" "unique" "utils:::functionArgs" "gsub" "doTryCatch" "tryCatchOne" "tryCatchList" "tryCatch" ".ess_funargs" 
"attr" "GetObjectAttribute" "GetObjectAttribute" "GetObjectAttribute" "GetAttribute" "FUN" "lapply" "sapply" "Get" "Get" "root$Get" "lapply" "sapply" "unlist" "unique" "ToGraphViz" "plot.Node" "plot" 
"$" "<Anonymous>" "<Anonymous>" "<Anonymous>" "<Anonymous>" "<Anonymous>" "<Anonymous>" "<Anonymous>" "<Anonymous>" "<Anonymous>" "<Anonymous>" "<Anonymous>" "<Anonymous>" "<Anonymous>" "paste" "<Anonymous>" "GetAttribute" "FUN" "lapply" "sapply" "Get" "ToGraphViz" "plot.Node" "plot" 
"GetObjectAttribute" "GetObjectAttribute" "GetObjectAttribute" "GetObjectAttribute" "GetObjectAttribute" "GetObjectAttribute" "GetObjectAttribute" "GetAttribute" "FUN" "lapply" "sapply" "Get" "Get" "ToGraphViz" "plot.Node" "plot" 
"paste0" "GetStyle" "GetStyle" "GetStyle" "GetStyle" "GetStyle" "GetStyle" "GetStyle" "GetStyle" "GetStyle" "GetStyle" "GetStyle" "GetStyle" "GetStyle" "GetStyle" "attribute" "GetAttribute" "FUN" "lapply" "sapply" "Get" "ToGraphViz" "plot.Node" "plot" 
"lazyLoadDBfetch" "do.call" "ToGraphViz" "plot.Node" "plot" 
"GetObjectAttribute" "GetObjectAttribute" "GetObjectAttribute" "GetObjectAttribute" "GetObjectAttribute" "GetObjectAttribute" "GetObjectAttribute" "GetObjectAttribute" "GetObjectAttribute" "GetObjectAttribute" "GetObjectAttribute" "GetAttribute" "FUN" "lapply" "sapply" "Get" "Get" "order" "Traverse" "ToDataFrameNetwork" "do.call" "ToGraphViz" "plot.Node" "plot" 
"<Anonymous>" "GetObjectAttribute" "GetObjectAttribute" "GetAttribute" "FUN" "lapply" "sapply" "Get" "Get" "ToDataFrameNetwork" "do.call" "ToGraphViz" "plot.Node" "plot" 
"$" "GetObjectAttribute" "GetObjectAttribute" "GetObjectAttribute" "GetObjectAttribute" "GetObjectAttribute" "GetAttribute" "FUN" "lapply" "sapply" "Get" "Get" "ToDataFrameNetwork" "do.call" "ToGraphViz" "plot.Nod